[DEFAULT]
exa\core\lib\ini\ini.exa
exa\core\lib\mxcl\mxcl.exa
exa\core\lib\mxcl\pwsconst.exa
exa\core\lib\xml\xml.exa

exa\core\surface.exa
exa\core\msgbox.exa
exa\core\ui.exa
exa\core\debug.exa
exa\core\icon.exa
exa\core\sprict_spr.exa
exa\core\sprict_ict.exa
exa\core\message.exa
exa\core\charadeli.exa
exa\core\iccomm.exa

exa\startup.exa
exa\lclick.exa
exa\mi.exa
exa\properties.exa
exa\visit.exa
exa\test.exa
exa\version.exa
exa\weather.exa
exa\ictextension.exa
exa\altwindow.exa
exa\quake.exa
exa\notification.exa
